<?xml version="1.0" encoding="utf-8"?><testsuites name="pytest tests"><testsuite name="pytest" errors="0" failures="0" skipped="0" tests="6" time="1.018" timestamp="2026-06-25T18:18:38.712060+00:00" hostname="agent-env-f76523c1-4ca4-4040-90cb-a20eda19a790"><testcase classname="tests.test_audit_requests" name="test_root" time="0.306" /><testcase classname="tests.test_audit_requests" name="test_create_audit_request_success" time="0.121" /><testcase classname="tests.test_audit_requests" name="test_create_audit_request_empty_name" time="0.069" /><testcase classname="tests.test_audit_requests" name="test_create_audit_request_empty_process" time="0.069" /><testcase classname="tests.test_audit_requests" name="test_create_audit_request_missing_field" time="0.059" /><testcase classname="tests.test_audit_requests" name="test_get_audit_requests_list" time="0.057" /></testsuite></testsuites>